<?xml version="1.0" encoding="UTF-8" ?>
<testsuite tests="3" failures="0" name="Requests.ExpertRequestClassTest" time="0.904" errors="3" skipped="0">
  <properties>
[...]
</properties>
  <testcase classname="Requests.ExpertRequestClassTest" name="routingTest" time="0.29">
    <error message="No enum constant Helper.TransportForm.car" type="java.lang.IllegalArgumentException">java.lang.IllegalArgumentException: No enum constant Helper.TransportForm.car
	at java.lang.Enum.valueOf(Enum.java:238)
	at Helper.TransportForm.valueOf(TransportForm.java:3)
	at Requests.ExpertRequestClass.setTransportFormFromString(ExpertRequestClass.java:132)
	at Requests.ExpertRequestClass.&lt;init&gt;(ExpertRequestClass.java:31)
	at Requests.ExpertRequestClassTest.routingTest(ExpertRequestClassTest.java:41)
	at sun.reflect.NativeMethodAccessorImpl.invoke0(Native Method)
	at sun.reflect.NativeMethodAccessorImpl.invoke(NativeMethodAccessorImpl.java:62)
	at sun.reflect.DelegatingMethodAccessorImpl.invoke(DelegatingMethodAccessorImpl.java:43)
	at java.lang.reflect.Method.invoke(Method.java:498)
	at org.junit.runners.model.FrameworkMethod$1.runReflectiveCall(FrameworkMethod.java:59)
	at org.junit.internal.runners.model.ReflectiveCallable.run(ReflectiveCallable.java:12)
	at org.junit.runners.model.FrameworkMethod.invokeExplosively(FrameworkMethod.java:56)
	at org.junit.internal.runners.statements.InvokeMethod.evaluate(InvokeMethod.java:17)
	at org.junit.runners.ParentRunner$3.evaluate(ParentRunner.java:306)
	at org.junit.runners.BlockJUnit4ClassRunner$1.evaluate(BlockJUnit4ClassRunner.java:100)
	at org.junit.runners.ParentRunner.runLeaf(ParentRunner.java:366)
	at org.junit.runners.BlockJUnit4ClassRunner.runChild(BlockJUnit4ClassRunner.java:103)
	at org.junit.runners.BlockJUnit4ClassRunner.runChild(BlockJUnit4ClassRunner.java:63)
	at org.junit.runners.ParentRunner$4.run(ParentRunner.java:331)
	at org.junit.runners.ParentRunner$1.schedule(ParentRunner.java:79)
	at org.junit.runners.ParentRunner.runChildren(ParentRunner.java:329)
	at org.junit.runners.ParentRunner.access$100(ParentRunner.java:66)
	at org.junit.runners.ParentRunner$2.evaluate(ParentRunner.java:293)
	at org.junit.runners.ParentRunner$3.evaluate(ParentRunner.java:306)
	at org.junit.runners.ParentRunner.run(ParentRunner.java:413)
	at org.apache.maven.surefire.junit4.JUnit4Provider.execute(JUnit4Provider.java:252)
	at org.apache.maven.surefire.junit4.JUnit4Provider.executeTestSet(JUnit4Provider.java:141)
	at org.apache.maven.surefire.junit4.JUnit4Provider.invoke(JUnit4Provider.java:112)
	at sun.reflect.NativeMethodAccessorImpl.invoke0(Native Method)
	at sun.reflect.NativeMethodAccessorImpl.invoke(NativeMethodAccessorImpl.java:62)
	at sun.reflect.DelegatingMethodAccessorImpl.invoke(DelegatingMethodAccessorImpl.java:43)
	at java.lang.reflect.Method.invoke(Method.java:498)
	at org.apache.maven.surefire.util.ReflectionUtils.invokeMethodWithArray(ReflectionUtils.java:189)
	at org.apache.maven.surefire.booter.ProviderFactory$ProviderProxy.invoke(ProviderFactory.java:165)
	at org.apache.maven.surefire.booter.ProviderFactory.invokeProvider(ProviderFactory.java:85)
	at org.apache.maven.surefire.booter.ForkedBooter.runSuitesInProcess(ForkedBooter.java:115)
	at org.apache.maven.surefire.booter.ForkedBooter.main(ForkedBooter.java:75)
</error>
    <system-out>4261 [main] INFO  com.byteowls.jopencage.JOpenCageGeocoder  - JOpencage request url &apos;http://api.opencagedata.com/geocode/v1/json?q=Reindorfgasse+42&amp;countrycode=at&amp;key=1d5429a90a96471e96994efd5a38e951&apos;
4266 [main] DEBUG org.apache.http.client.protocol.RequestAddCookies  - CookieSpec selected: default
4276 [main] DEBUG org.apache.http.client.protocol.RequestAuthCache  - Auth cache not set in the context
4276 [main] DEBUG org.apache.http.impl.conn.PoolingHttpClientConnectionManager  - Connection request: [route: {}-&gt;http://api.opencagedata.com:80][total kept alive: 0; route allocated: 0 of 2; total allocated: 0 of 20]
4276 [main] DEBUG org.apache.http.impl.conn.PoolingHttpClientConnectionManager  - Connection leased: [id: 6][route: {}-&gt;http://api.opencagedata.com:80][total kept alive: 0; route allocated: 1 of 2; total allocated: 1 of 20]
4277 [main] DEBUG org.apache.http.impl.execchain.MainClientExec  - Opening connection {}-&gt;http://api.opencagedata.com:80
4278 [main] DEBUG org.apache.http.impl.conn.DefaultHttpClientConnectionOperator  - Connecting to api.opencagedata.com/95.216.176.62:80
4340 [main] DEBUG org.apache.http.impl.conn.DefaultHttpClientConnectionOperator  - Connection established 192.168.0.114:59163&lt;-&gt;95.216.176.62:80
4340 [main] DEBUG org.apache.http.impl.execchain.MainClientExec  - Executing request GET /geocode/v1/json?q=Reindorfgasse+42&amp;countrycode=at&amp;key=1d5429a90a96471e96994efd5a38e951 HTTP/1.1
4340 [main] DEBUG org.apache.http.impl.execchain.MainClientExec  - Target auth state: UNCHALLENGED
4340 [main] DEBUG org.apache.http.impl.execchain.MainClientExec  - Proxy auth state: UNCHALLENGED
4340 [main] DEBUG org.apache.http.headers  - http-outgoing-6 &gt;&gt; GET /geocode/v1/json?q=Reindorfgasse+42&amp;countrycode=at&amp;key=1d5429a90a96471e96994efd5a38e951 HTTP/1.1
4340 [main] DEBUG org.apache.http.headers  - http-outgoing-6 &gt;&gt; Host: api.opencagedata.com
4340 [main] DEBUG org.apache.http.headers  - http-outgoing-6 &gt;&gt; Connection: Keep-Alive
4340 [main] DEBUG org.apache.http.headers  - http-outgoing-6 &gt;&gt; User-Agent: Apache-HttpClient/4.5.10 (Java/1.8.0_162)
4340 [main] DEBUG org.apache.http.headers  - http-outgoing-6 &gt;&gt; Accept-Encoding: gzip,deflate
4340 [main] DEBUG org.apache.http.wire  - http-outgoing-6 &gt;&gt; &quot;GET /geocode/v1/json?q=Reindorfgasse+42&amp;countrycode=at&amp;key=1d5429a90a96471e96994efd5a38e951 HTTP/1.1[\r][\n]&quot;
4340 [main] DEBUG org.apache.http.wire  - http-outgoing-6 &gt;&gt; &quot;Host: api.opencagedata.com[\r][\n]&quot;
4340 [main] DEBUG org.apache.http.wire  - http-outgoing-6 &gt;&gt; &quot;Connection: Keep-Alive[\r][\n]&quot;
4341 [main] DEBUG org.apache.http.wire  - http-outgoing-6 &gt;&gt; &quot;User-Agent: Apache-HttpClient/4.5.10 (Java/1.8.0_162)[\r][\n]&quot;
4341 [main] DEBUG org.apache.http.wire  - http-outgoing-6 &gt;&gt; &quot;Accept-Encoding: gzip,deflate[\r][\n]&quot;
4341 [main] DEBUG org.apache.http.wire  - http-outgoing-6 &gt;&gt; &quot;[\r][\n]&quot;
4534 [main] DEBUG org.apache.http.wire  - http-outgoing-6 &lt;&lt; &quot;HTTP/1.1 200 OK[\r][\n]&quot;
4534 [main] DEBUG org.apache.http.wire  - http-outgoing-6 &lt;&lt; &quot;Date: Wed, 29 Jan 2020 12:06:18 GMT[\r][\n]&quot;
4535 [main] DEBUG org.apache.http.wire  - http-outgoing-6 &lt;&lt; &quot;Server: Apache[\r][\n]&quot;
4535 [main] DEBUG org.apache.http.wire  - http-outgoing-6 &lt;&lt; &quot;Access-control-allow-origin: *[\r][\n]&quot;
4535 [main] DEBUG org.apache.http.wire  - http-outgoing-6 &lt;&lt; &quot;X-ratelimit-limit: 2500[\r][\n]&quot;
4535 [main] DEBUG org.apache.http.wire  - http-outgoing-6 &lt;&lt; &quot;X-ratelimit-remaining: 2483[\r][\n]&quot;
4535 [main] DEBUG org.apache.http.wire  - http-outgoing-6 &lt;&lt; &quot;X-ratelimit-reset: 1580342400[\r][\n]&quot;
4536 [main] DEBUG org.apache.http.wire  - http-outgoing-6 &lt;&lt; &quot;Vary: Accept-Encoding[\r][\n]&quot;
4536 [main] DEBUG org.apache.http.wire  - http-outgoing-6 &lt;&lt; &quot;Content-Encoding: gzip[\r][\n]&quot;
4536 [main] DEBUG org.apache.http.wire  - http-outgoing-6 &lt;&lt; &quot;Content-Length: 1810[\r][\n]&quot;
4536 [main] DEBUG org.apache.http.wire  - http-outgoing-6 &lt;&lt; &quot;Content-Type: application/json; charset=utf-8[\r][\n]&quot;
4536 [main] DEBUG org.apache.http.wire  - http-outgoing-6 &lt;&lt; &quot;Strict-Transport-Security: max-age=31536000; includeSubDomains; preload[\r][\n]&quot;
4536 [main] DEBUG org.apache.http.wire  - http-outgoing-6 &lt;&lt; &quot;[\r][\n]&quot;
4536 [main] DEBUG org.apache.http.wire  - http-outgoing-6 &lt;&lt; &quot;[0x1f][0x8b][0x8][0x0][0x0][0x0][0x0][0x0][0x0][0x3][0xed]Zmo[0xdb]6[0x10][0xfe]+[0x82][0x6][0xb4][0x1f][0x96][0xca]&quot;[0xf5][0xee]![0x18][0xba]4+[0xda]-I[0x91]6[0xeb][0x87][0xad][0x10]h[0x89][0xb6][0xb8]H[0xa4]FRu[0xbd][0xa2][0xff]}w[0x92][0x9d][0xd8]n[0x9d]60[0xb6]![0x80][0x11] [0x89][0x8e][0xc7][0xbb][0xe3][0xdd]=[0xf7][0x98][0x82]?[0xba][0xa5]*[0xba][0x86]K[0xcb][0xac]P[0xd2][0x1d][0xbb][0x95][0xb5][0xad][0x19][0x8f]F[0xaa][0xe5][0xb2]`3^2[0xcb][0xbc]B5#[0xd6][\n]&quot;
4536 [main] DEBUG org.apache.http.wire  - http-outgoing-6 &lt;&lt; &quot;[0xf7][0xc8][0xad]E[0xc1][0xa5][0xe1][0xc6][0x1d][0xff][0xfe][0xd1][0x95][0xac][0xe1][0xb0][0xc5]p[0xee]0k[0xb5][0x98]th[0xc4][0x99]u[0xa2][0xe4][0xa0][0xdb][0xe9][0xfa].[0x83][0x85][0xe6][0xa5][0xb0][0xc6][0xfd][0xf4][0xee][0xc8][0xd5][0xcc][0x82][0xa5][0x8f]`[0xbe][0x11][0xd6][0x1d][0xd3][0xc8][0xf7]A[0xc8][0x1b]&amp;[0xa4][0x90]3[0x10][0x84]i[0x80][0x2][0xc3]a[0x95]D[0xa9][0x1f][0x84]4[0xf4][0xfd]O[0xbd][0xac][0xab][0xed][0x10][0xf][0x93]R[\r][0x7]1h[0xec][0xd9][0xd9][0xeb][0xde]&amp;[0x83]=n[0x98][0xfe][0xd1][0xf9][0xfe][0xc4]w[0x8]y[0xec][0xd0][0xc4]#i[0xec][0xfb][0x8f][0x1f];[0xe7]x(t[0xe1][0x92]x[0xa5][0x91]=v[0xc2][0xd4][0x8b][0xe3][0x90][0xa2][0xc6][0xa9][0xb]n[0xce][0x9e]_[0x82]17[0x8][0xae][0xde][0xbe][0xca][0xd2]4J[0x83]4H([0xec]=cpXYqV[0xc2][0xf2][0xcb][0xf3]4-y[0x16])[0x8b]+\[0x17][0xcc]*[0x8d]1|[0x80][0xa8]S[0x92][0xa4]q[0xe2][0xa5][0x14]N[0xb2]p[0xc7]1[0xf1][0xe3][0xd4][0x8f]&lt;[0x12][0xc6]`[0xff][0xe2][0xf5][0x19][0xea]aF[0xf2][0xcd][0xbc][0xcd][0xe7]s[0xf]sg[0xac][0xe6][0xdc]6[0xac][0xf5][0x94][0x9e][0x8d]P[0xf1]G[0xa9]J~[0xc][0xfb][0x13]B[0xe3][0x80][0x84][0xdf][0xc1][0xe2]1[0x89]G[0x10];[0xc9][0xfc]4[0x1b][0x91][0xd8][0xb][0x2][0x9f][0xa4][0x10][0xc]$[0x86][0x93]aT[0x1c]I&gt;[0xdf]i[0xec]Q[0xcd][0x16]\[0x9b][0xe3][0xf3][0xcf]*[0xfc]e[0x83]?6P[0x80][0xe3][0x95][0x99]GM[0xad][0xe4][0xf1][0xca][0xd6][0xee][0x88]!%W[0xe7][0xf9]Y[0x98]aV4[0x9f][0xad]j[0xfa][0xf4][\r]8[0xf4]C[0x1f][0x9c][0x9f]^]^[0xbc]:[0xc5][0xc2]E[0xf8][0xf8][0xf6][0xf4][0xf5][0x9b][0xd3][0xcb][0xf3]|M[0x1c][0xa1][0xf8][0xe2][0xf2][0xd7]g[0xb8][0xc7]&apos;h[0xd4]`[0x18]+[\n]&quot;
4536 [main] DEBUG org.apache.http.wire  - http-outgoing-6 &lt;&lt; &quot;V[0xe7]3[0xad][0xba][0x16][0xda][0xb][0x9b][0xc7]=;}v[0xe2][0xbe][0x3][\r]X[0xa9]AX@n[0xdd]q[0x8][0xb5]*:[0xad][0xa1]u[0x17][0xe8][0x9e][0xd5][0x96]k[0x9][0xcd][0x9a][0x9b]E3Q5n[0x85][0xf6]-y![0x1a][0xb0][0xd8]0}[\r][0xbe][0x8e][0xe0][0xa7][0xb2]M[0x9d][0x3][0xae][0x84][0x85][0x8d][0xee][0xa3][0xef]&gt;P[0xff][0xe9][0xc9][0xf][0xb0] [0x8c][0xca][0x7][0xe3]x[0x82][0xa5]@[0x2][0x6][0xb5](@[0x96]%}[0xb9][0x6]d[0x9d]vZ[0xc1][0x93][0x1][0xdb]576[0x87]NS[0x8d][0x90]K[0xac][0x12]X[0xe9]&amp;[0x9d]D[0xc4][0xb8]&apos;[0xe0][0xcb][0xbd][0x11][0xe4]V[0xe5][0xc3][0x2]A$[\r][0xc1][0x82][0xd6][0x1f][0x1d][0xf5]Y[0xe1][0xae]$[0xf9]Thc{K[0xb6]R[0x9d]a[0xb2]4[0xb9][0xe1]-[0xd3]C[0xe3][0xba][0x1e][0xe6]lZ[0xb3]Y[0xbf][0xb7]L[0x83][0x2]~[0x97]&lt;[0xbe][0xfd][0x9a][0x81][0xb5][0x19]W[0x15]3[0x15](u[0x94][0x97][0x91][0x99]][0xd3]I[0x15]&amp;[0xb][0xf2]w[0x96][0xb5]!([0xfc]%&amp;5[0x3]?A[0xec][0xc5][0x8]d[0xc5]J![0xa7][\n]&quot;
4537 [main] DEBUG org.apache.http.wire  - http-outgoing-6 &lt;&lt; &quot;SZj[0xf1][0x9e][0xe7][0xfd][0xec][0xd1]bV[0xe1]!p[0x19][0x1e]/[0xb9][0x90][0xa5][0xd2][0xd3][0x19]3[0x6][0xe7][0x89]i9/s[0x81][0x9a][0xd7][0xcd][0xa8][0xea][0xcb][0xd9][0xc9][0xbe]A[0x84][0xe9][0xc7][0x7]k!tLD?#h[0x92][0xd1][0x14]N[0xcf][0xa0]![0x15]&amp;[0xe]J[0xbb]Z[0xa1][0x0]([0xad]x/nDI[0x80][0xa9][0x92][0xac][0xb3][0xeb][0x8a][0x91]Oq[0xcc][0xf4][0x83]g[0xdb]A@h[0xfa]e[0x7][0x1][0xc9]zkk[0xe][0x0][0xa0][0xbd][0xcf]M[0x7][0x1]IH[0xe8][0x2][0xf]V4[0xfc]o%[0xfb]s[0xac][0x95][0xbf][0xe5][0xa3][0xdf][0x4][0x97][0x92][0xf5] [0x9e][0xc3][0xf1][0xf3][0x12]K[0x6][0x96][0xd4]t[\n]&quot;
4537 [main] DEBUG org.apache.http.wire  - http-outgoing-6 &lt;&lt; &quot;aA[0xbd][0xa0]o[0x82][0xd8]_[0x93][0xc0],[0xee]G[0xda][0xf7]&gt;[0x94][0x1f]3W)m[0xf3][0xa5][0xd5][0x93][0xd3]7[0x98][0xba]y[0xc5]l0W[0xba][0xec]q[0xb5][0xfc][0xc7][0x15][0x12][0x1a][0xfc]=[0xab][0xbd][0xa2][0x16][0xad][0xf1],[0xd3]3ny[0xe9]b[0x84][0x13][0xd5][0xc9]A[[0x82]9[0x18]y[0xc6][0xde][0xcc][0xd7][0x1][0xc1]Y[0x10]-[0xa7][0xe9][0x0]d[0x1a][0x84][0x11]&amp;Ou[0xb6][0x9a][0xf3][0xcf][0xd4][0xd3]-u[0x82][0xea][0x8]A[0xd5][0xb4][0x90][0x9]i{g/^_[0xe4][0x1][0x89][0xe3]&apos;$gu[[0xb1]&apos;[0x14][0xe2][0x84]9p[0xf4][0xf9]J[0x80]+W[0xb8][0x94][0xc3][0xe8][0xe5]3[0xa5][0x11]|`[0xe][0xd0]U`[0xb][0xe5]v[0xd1]b[0xe][\n]&quot;
4537 [main] DEBUG org.apache.http.wire  - http-outgoing-6 &lt;&lt; &quot;6[0xc5][0xc7][0xfe][0xf]d[0x84]Mq[0xf4][0xf3][0xcc]yU[0xb3][0xce][0x14][0x15][0x87][0xb9][0x86][0xc5][0xb3][0x8b][0xbc][0x14][0x98][0xcd][0x2]&quot;
4539 [main] DEBUG org.apache.http.headers  - http-outgoing-6 &lt;&lt; HTTP/1.1 200 OK
4539 [main] DEBUG org.apache.http.headers  - http-outgoing-6 &lt;&lt; Date: Wed, 29 Jan 2020 12:06:18 GMT
4540 [main] DEBUG org.apache.http.headers  - http-outgoing-6 &lt;&lt; Server: Apache
4540 [main] DEBUG org.apache.http.headers  - http-outgoing-6 &lt;&lt; Access-control-allow-origin: *
4541 [main] DEBUG org.apache.http.headers  - http-outgoing-6 &lt;&lt; X-ratelimit-limit: 2500
4541 [main] DEBUG org.apache.http.headers  - http-outgoing-6 &lt;&lt; X-ratelimit-remaining: 2483
4541 [main] DEBUG org.apache.http.headers  - http-outgoing-6 &lt;&lt; X-ratelimit-reset: 1580342400
4541 [main] DEBUG org.apache.http.headers  - http-outgoing-6 &lt;&lt; Vary: Accept-Encoding
4541 [main] DEBUG org.apache.http.headers  - http-outgoing-6 &lt;&lt; Content-Encoding: gzip
4541 [main] DEBUG org.apache.http.headers  - http-outgoing-6 &lt;&lt; Content-Length: 1810
4542 [main] DEBUG org.apache.http.headers  - http-outgoing-6 &lt;&lt; Content-Type: application/json; charset=utf-8
4542 [main] DEBUG org.apache.http.headers  - http-outgoing-6 &lt;&lt; Strict-Transport-Security: max-age=31536000; includeSubDomains; preload
4542 [main] DEBUG org.apache.http.impl.execchain.MainClientExec  - Connection can be kept alive indefinitely
4558 [main] DEBUG org.apache.http.wire  - http-outgoing-6 &lt;&lt; &quot;!v[0xd9][0x95][0xaa][0x9e][0x9a][0x8a][0x8b][0xe6][0xc9][0xcf][0xb8]aZ[0xc8]i[0x5][0x1b]PW[0x1][0xd4]e[0xdf][0x19][0xcb][0xb2][0xf5][0xc2]N[0xda]&gt;[0x84][0xa7][0x1d]Za[0xb7][0xb2][0xd5][0x8]`[0xd8][0xef][0x8]=[0x8e]3`[0xc2][0x11]t![0xf2][0x8a][0xe4][0x0][0x6][0xc8][0xb8][0xae][0x94]Z[0x7][0x3],[0xb5][0xaa][0x16][0xc3][0x4][0x3][0x88][0xf7][0xc0][0x19]&lt;2[0xe9]\[0xf5][0x2]T1v[0xe9][0x81][0xc][0xe3]q[0x17][0xa6]l[0xcf][0xbc][0xee]M[0x8f][0xe1][0x0][0xd1][0x13][0x90][0xfc][0xf2][0xdc]Y;[0xb0][0xdb][0x97]EN[0x91][0xec] [0x93][0xe3][0xc][0xc6][0x82][0xd2][\r][0xd0]&gt;/wd[0xf0][0xc8][0xd9]p[0xe6][0x84][0xf4][0xc8][0xc1]`[0x9c][0xc1][0xd7][0x91]s[0x9b][0x14][0x98][0x1f][\r][0xef]3[0xb5][0xd9][0x1f][0xe9]V[0xa4]}[0xdc][0x87][0xe8]a[0xde][0xa4]Ix7[0xd1]&apos;I[0x12][0xef]&quot;[0xfa][0xd8][0x7][0xa2][0x8f][0xe2]]D[0xdf][0x9a][0x1d]D[0x9f][0x10][0x8][0xf8][0x86][0xe7][0x93][0x94]zp[0x9a][0xbd]x&gt;H[0xa2][0xc]L[0x87][0x19][0xdd]d[0xcd]$Z[0xb2]&amp;[0xa5][0xfb][0xf3][0xfc][0x9a][0xb1]}x&gt;[0x89][0xd6]y[0x9e][0xde][0x11][0xf1][0x81][0xe7][0x1f]4[0xcf]&apos;[0xc1][0x1c]z[0x9d]6e[0xf2]&gt;[0xb1][0x7][0x9e]8&lt;?[0x87][0x14][0xf3][0xd2][0x83][0xa9][0xcb]j[0xe3]u[0x80]e6[0xa9][0xf9]7[0xd2]|[0x92][0xc5][&lt;[0x1f][0xc7]w[0xd0]|[0xbc][0xad][0xe][0x94][0xfd]/[0xd0][0xfc][0xa4][0x13]u[0x89][0xf9][0xb8][0xa5][0xf9]5[0xd1][0x81][0xcc]w[0x93]9[0xf1]7[0xd9]|_[0xde]N[0xc2][0xed][0xfe] [0xf1]=y;[0xf1]B[0xe2][0xd3][0xf4]N[0xde][0x8e][0xb2]8Mw][0xd0]c[0xbc][0xa0][0xa7][0xf7][0xbf][0xa0]G^[0x12][0x92][0xdb][0xb]:[0x89][0xbc][0x88][0xec]G[0xdc][0xab][0xb]z[0x92]m[0xd2]`[0xb6][0xa2]A[0x92][0xec]O[0xdc]k[0xc6][0xf6]![0xee]l[0x83][0xb8]I[0xb2];[0xe2][0x3]q?h[0xe2][0xbe]N[0x93][0xb9][0xfc][0xb3][0xe4][0xd4]~ [0x8b][0x3]q?[0x1c][0xe2]60[0xcd][0x8c]g[0xd8]5[0xf7][\n]&quot;
4558 [main] DEBUG org.apache.http.wire  - http-outgoing-6 &lt;&lt; &quot;[0xa1][0xb][0xe8][0xba]o[0xbd][0x9b]gI[0xb0]5[0x94][0xa3][0xf4][0xae][0xcb][0xf9][0xb6]&gt;A[0xfd][0x3]m[0xff][0x8f][0xb4][\r][0xf3]\^C[0x8f][0xa1][0xbb][0x17]M[0x8b][0xfe][0xb4][0xf3][0x16]F[0x8f][0xf9][0x1a][0xa3]oj[0xef]3[0xcf][0xc2][0xed][0xe6][0x88][0xfb][0xe6][0xb8][0x1f][0xc5][0x3]$[0xbe][0xf2][0xe]&gt;[\n]&quot;
4558 [main] DEBUG org.apache.http.wire  - http-outgoing-6 &lt;&lt; &quot;I[0xba][0xf3][0x1d]|[0x4][0x14][0x9f][0x86];)[0xbe][0xdb]E[0xf1][0xa1][0x7][0x97][0xfa][[0x8a][0xa7][0xa1]G3[0xba][0x17][0xc5][0xc7]YD#[0x9a][0xc5][0xfe][0xe6];x[0xc0][0xf6][0x8a]0[0xa3][0xbd])~[0xdd][0xd8][0x1e][0x14][0xf]f6(&gt;[0xda][0x1d][0xf1][0x81][0xe2][0x1f]6[0xc5]O[0xfe],&apos;t[0xe][0x4][0x96]%[0xf2]@[0xf1][0xf][0x87][0xe2][0x81][0x90][0xa1][0xfb][0xf1]v[0x8e]&lt;[0xc5][0x84][0xf4][0x98]4s[0xc0][0xfb][0xb7]1=[0xf1][0xb7]._[0xbe][0xd7]K[0xf8]l[0xeb]n[0x8e][0xda][0xff][0xc9];[0xf8][0x89]R[0xd7]H[0xdb][0xc3][0xdf][0xb1][0xfb]SWT[0xf8]B[0xde]9[0xe3]5[0x93]3~`[0xff][0xfb][0xbc][0x81][0xdf][0xce][0xde][0xde][0x1c]O6[0xdb]&quot;[0xc2][0xb6]x7[0x84][0xdb][0xf5]=1[0x9c][0x8e]b[0xcf]7[0xdc][0x18]6[0xc3]S\[0xfc][0xb2][0x9c][0xf0][0x8b][0x1c][0x87][0x8b]n0[0xb8][0x8f][0xee][0xa4]V[0xb3]5[0x96][0xc2]Go[0xfb][0xb][0x1][0x10][0x89][0x9d][0xb]8[0x8e]^[0xd3]\J[0xfa]/[0xc][0xac]o@/[0xb6]b[0xb2][0xef][0x9c][0x9f][0x95]v:[0x3]ps[0xa0][0x0][0x17][0xa0]u[0x2]Z[0xce][0xd3]W/[0xdc][0x1][0xd2][0x10]N[0xd3][0xf6]!k[0xe][0xc9].s[0xb4][0xe][0xfb][0xde][0xf2][0xf2][0xc8][0xa1][0x99][0xf3][0x12][0xb6]Q[0xc0][0x89]C[0xe8][0xd8][0x8f][0xe1]S[0x82][0xf3][0xfc][0xc][0x1b]x[0xa5][0xe]E[0xfe][0xb0][0x9c]EY[0x16]%[0xf8][0xa9][0xd9][0xc2][0x87][0x9c]:[0xbf][0xf9][0xf2]A[0xf8][0xe9][0x1f]p[0xfd][0x7][0xee]J![0x0][0x0]&quot;
4560 [main] DEBUG org.apache.http.impl.conn.PoolingHttpClientConnectionManager  - Connection [id: 6][route: {}-&gt;http://api.opencagedata.com:80] can be kept alive indefinitely
4560 [main] DEBUG org.apache.http.impl.conn.DefaultManagedHttpClientConnection  - http-outgoing-6: set socket timeout to 0
4560 [main] DEBUG org.apache.http.impl.conn.PoolingHttpClientConnectionManager  - Connection released: [id: 6][route: {}-&gt;http://api.opencagedata.com:80][total kept alive: 1; route allocated: 1 of 2; total allocated: 1 of 20]
4560 [main] DEBUG org.apache.http.impl.conn.PoolingHttpClientConnectionManager  - Connection manager is shutting down
4560 [main] DEBUG org.apache.http.impl.conn.DefaultManagedHttpClientConnection  - http-outgoing-6: Close connection
4560 [main] DEBUG org.apache.http.impl.conn.PoolingHttpClientConnectionManager  - Connection manager shut down
</system-out>
  </testcase>
  <testcase classname="Requests.ExpertRequestClassTest" name="geolocationTest" time="0.297">
    <error message="No enum constant Helper.TransportForm.car" type="java.lang.IllegalArgumentException">java.lang.IllegalArgumentException: No enum constant Helper.TransportForm.car
	at java.lang.Enum.valueOf(Enum.java:238)
	at Helper.TransportForm.valueOf(TransportForm.java:3)
	at Requests.ExpertRequestClass.setTransportFormFromString(ExpertRequestClass.java:132)
	at Requests.ExpertRequestClass.&lt;init&gt;(ExpertRequestClass.java:31)
	at Requests.ExpertRequestClassTest.geolocationTest(ExpertRequestClassTest.java:25)
	at sun.reflect.NativeMethodAccessorImpl.invoke0(Native Method)
	at sun.reflect.NativeMethodAccessorImpl.invoke(NativeMethodAccessorImpl.java:62)
	at sun.reflect.DelegatingMethodAccessorImpl.invoke(DelegatingMethodAccessorImpl.java:43)
	at java.lang.reflect.Method.invoke(Method.java:498)
	at org.junit.runners.model.FrameworkMethod$1.runReflectiveCall(FrameworkMethod.java:59)
	at org.junit.internal.runners.model.ReflectiveCallable.run(ReflectiveCallable.java:12)
	at org.junit.runners.model.FrameworkMethod.invokeExplosively(FrameworkMethod.java:56)
	at org.junit.internal.runners.statements.InvokeMethod.evaluate(InvokeMethod.java:17)
	at org.junit.runners.ParentRunner$3.evaluate(ParentRunner.java:306)
	at org.junit.runners.BlockJUnit4ClassRunner$1.evaluate(BlockJUnit4ClassRunner.java:100)
	at org.junit.runners.ParentRunner.runLeaf(ParentRunner.java:366)
	at org.junit.runners.BlockJUnit4ClassRunner.runChild(BlockJUnit4ClassRunner.java:103)
	at org.junit.runners.BlockJUnit4ClassRunner.runChild(BlockJUnit4ClassRunner.java:63)
	at org.junit.runners.ParentRunner$4.run(ParentRunner.java:331)
	at org.junit.runners.ParentRunner$1.schedule(ParentRunner.java:79)
	at org.junit.runners.ParentRunner.runChildren(ParentRunner.java:329)
	at org.junit.runners.ParentRunner.access$100(ParentRunner.java:66)
	at org.junit.runners.ParentRunner$2.evaluate(ParentRunner.java:293)
	at org.junit.runners.ParentRunner$3.evaluate(ParentRunner.java:306)
	at org.junit.runners.ParentRunner.run(ParentRunner.java:413)
	at org.apache.maven.surefire.junit4.JUnit4Provider.execute(JUnit4Provider.java:252)
	at org.apache.maven.surefire.junit4.JUnit4Provider.executeTestSet(JUnit4Provider.java:141)
	at org.apache.maven.surefire.junit4.JUnit4Provider.invoke(JUnit4Provider.java:112)
	at sun.reflect.NativeMethodAccessorImpl.invoke0(Native Method)
	at sun.reflect.NativeMethodAccessorImpl.invoke(NativeMethodAccessorImpl.java:62)
	at sun.reflect.DelegatingMethodAccessorImpl.invoke(DelegatingMethodAccessorImpl.java:43)
	at java.lang.reflect.Method.invoke(Method.java:498)
	at org.apache.maven.surefire.util.ReflectionUtils.invokeMethodWithArray(ReflectionUtils.java:189)
	at org.apache.maven.surefire.booter.ProviderFactory$ProviderProxy.invoke(ProviderFactory.java:165)
	at org.apache.maven.surefire.booter.ProviderFactory.invokeProvider(ProviderFactory.java:85)
	at org.apache.maven.surefire.booter.ForkedBooter.runSuitesInProcess(ForkedBooter.java:115)
	at org.apache.maven.surefire.booter.ForkedBooter.main(ForkedBooter.java:75)
</error>
    <system-out>4574 [main] INFO  com.byteowls.jopencage.JOpenCageGeocoder  - JOpencage request url &apos;http://api.opencagedata.com/geocode/v1/json?q=Reindorfgasse+42&amp;countrycode=at&amp;key=1d5429a90a96471e96994efd5a38e951&apos;
4577 [main] DEBUG org.apache.http.client.protocol.RequestAddCookies  - CookieSpec selected: default
4577 [main] DEBUG org.apache.http.client.protocol.RequestAuthCache  - Auth cache not set in the context
4577 [main] DEBUG org.apache.http.impl.conn.PoolingHttpClientConnectionManager  - Connection request: [route: {}-&gt;http://api.opencagedata.com:80][total kept alive: 0; route allocated: 0 of 2; total allocated: 0 of 20]
4577 [main] DEBUG org.apache.http.impl.conn.PoolingHttpClientConnectionManager  - Connection leased: [id: 7][route: {}-&gt;http://api.opencagedata.com:80][total kept alive: 0; route allocated: 1 of 2; total allocated: 1 of 20]
4577 [main] DEBUG org.apache.http.impl.execchain.MainClientExec  - Opening connection {}-&gt;http://api.opencagedata.com:80
4577 [main] DEBUG org.apache.http.impl.conn.DefaultHttpClientConnectionOperator  - Connecting to api.opencagedata.com/95.216.176.62:80
4633 [main] DEBUG org.apache.http.impl.conn.DefaultHttpClientConnectionOperator  - Connection established 192.168.0.114:59164&lt;-&gt;95.216.176.62:80
4633 [main] DEBUG org.apache.http.impl.execchain.MainClientExec  - Executing request GET /geocode/v1/json?q=Reindorfgasse+42&amp;countrycode=at&amp;key=1d5429a90a96471e96994efd5a38e951 HTTP/1.1
4633 [main] DEBUG org.apache.http.impl.execchain.MainClientExec  - Target auth state: UNCHALLENGED
4633 [main] DEBUG org.apache.http.impl.execchain.MainClientExec  - Proxy auth state: UNCHALLENGED
4633 [main] DEBUG org.apache.http.headers  - http-outgoing-7 &gt;&gt; GET /geocode/v1/json?q=Reindorfgasse+42&amp;countrycode=at&amp;key=1d5429a90a96471e96994efd5a38e951 HTTP/1.1
4633 [main] DEBUG org.apache.http.headers  - http-outgoing-7 &gt;&gt; Host: api.opencagedata.com
4633 [main] DEBUG org.apache.http.headers  - http-outgoing-7 &gt;&gt; Connection: Keep-Alive
4633 [main] DEBUG org.apache.http.headers  - http-outgoing-7 &gt;&gt; User-Agent: Apache-HttpClient/4.5.10 (Java/1.8.0_162)
4633 [main] DEBUG org.apache.http.headers  - http-outgoing-7 &gt;&gt; Accept-Encoding: gzip,deflate
4633 [main] DEBUG org.apache.http.wire  - http-outgoing-7 &gt;&gt; &quot;GET /geocode/v1/json?q=Reindorfgasse+42&amp;countrycode=at&amp;key=1d5429a90a96471e96994efd5a38e951 HTTP/1.1[\r][\n]&quot;
4634 [main] DEBUG org.apache.http.wire  - http-outgoing-7 &gt;&gt; &quot;Host: api.opencagedata.com[\r][\n]&quot;
4634 [main] DEBUG org.apache.http.wire  - http-outgoing-7 &gt;&gt; &quot;Connection: Keep-Alive[\r][\n]&quot;
4634 [main] DEBUG org.apache.http.wire  - http-outgoing-7 &gt;&gt; &quot;User-Agent: Apache-HttpClient/4.5.10 (Java/1.8.0_162)[\r][\n]&quot;
4634 [main] DEBUG org.apache.http.wire  - http-outgoing-7 &gt;&gt; &quot;Accept-Encoding: gzip,deflate[\r][\n]&quot;
4634 [main] DEBUG org.apache.http.wire  - http-outgoing-7 &gt;&gt; &quot;[\r][\n]&quot;
4851 [main] DEBUG org.apache.http.wire  - http-outgoing-7 &lt;&lt; &quot;HTTP/1.1 200 OK[\r][\n]&quot;
4852 [main] DEBUG org.apache.http.wire  - http-outgoing-7 &lt;&lt; &quot;Date: Wed, 29 Jan 2020 12:06:18 GMT[\r][\n]&quot;
4852 [main] DEBUG org.apache.http.wire  - http-outgoing-7 &lt;&lt; &quot;Server: Apache[\r][\n]&quot;
4852 [main] DEBUG org.apache.http.wire  - http-outgoing-7 &lt;&lt; &quot;Access-control-allow-origin: *[\r][\n]&quot;
4852 [main] DEBUG org.apache.http.wire  - http-outgoing-7 &lt;&lt; &quot;X-ratelimit-limit: 2500[\r][\n]&quot;
4852 [main] DEBUG org.apache.http.wire  - http-outgoing-7 &lt;&lt; &quot;X-ratelimit-remaining: 2482[\r][\n]&quot;
4853 [main] DEBUG org.apache.http.wire  - http-outgoing-7 &lt;&lt; &quot;X-ratelimit-reset: 1580342400[\r][\n]&quot;
4853 [main] DEBUG org.apache.http.wire  - http-outgoing-7 &lt;&lt; &quot;Vary: Accept-Encoding[\r][\n]&quot;
4853 [main] DEBUG org.apache.http.wire  - http-outgoing-7 &lt;&lt; &quot;Content-Encoding: gzip[\r][\n]&quot;
4853 [main] DEBUG org.apache.http.wire  - http-outgoing-7 &lt;&lt; &quot;Content-Length: 1813[\r][\n]&quot;
4853 [main] DEBUG org.apache.http.wire  - http-outgoing-7 &lt;&lt; &quot;Content-Type: application/json; charset=utf-8[\r][\n]&quot;
4853 [main] DEBUG org.apache.http.wire  - http-outgoing-7 &lt;&lt; &quot;Strict-Transport-Security: max-age=31536000; includeSubDomains; preload[\r][\n]&quot;
4853 [main] DEBUG org.apache.http.wire  - http-outgoing-7 &lt;&lt; &quot;[\r][\n]&quot;
4854 [main] DEBUG org.apache.http.wire  - http-outgoing-7 &lt;&lt; &quot;[0x1f][0x8b][0x8][0x0][0x0][0x0][0x0][0x0][0x0][0x3][0xed]Z[0xef]o[0xdb]6[0x13][0xfe]W[0x4][\r]h?[0xcc][0x95]E[0xea][0xb7]_[0x4]C[0x97]fE[0xbb]7I[0x91]6o?l[0x85]@K[0xb4][0xc5]E&quot;5[0x92][0xaa][0xeb][0x15][0xfd][0xdf][0xdf];[0xc9]Nlw[0xce][0x1a][0x18][0xdb][0x10][0xc0][0x8][0x90]D[0xc7][0xe3][0xdd][0xf1][0xee][0xb9]{L[0xc1][0x9f][0xdd]R[0x15]][0xc3][0xa5]eV([0xe9]N[0xdc][0xca][0xda][0xd6]L[0xc6]c[0xd5]rY[0xb0]9/[0x99]e^[0xa1][0x9a]1k[0x85];rkQpi[0xb8]q&apos;[0xbf]|v%k8l1[0x9c];[0xcc]Z-[0xa6][0x1d][0x1a]q[0xe6][0x9d](9[0xe8]v[0xba][0xbe][0xcf]`[0xa1]y)[0xac]q[0xbf]|[0x18][0xb9][0x9a]Y[0xb0][0xf4][0x19][0xcc]7[0xc2][0xba][0x13][0x1a][0xf9]&gt;[0x8]y[0xc3][0x84][0x14]r[0xe][0x82]0[0xa5](0[0x1c]VI[0x94][0xfa]AHC[0xdf][0xff][0xd2][0xcb][0xba][0xda][0xe][0xf1]0)[0xd5]p[0x10][0x83][0xc6]^[0x9c][0xbf][0xed]m2[0xd8][0xe3][0x86][0xe9][0xaf][0x9d][0xef]O}[0x87][0x90][0xa7][0xe]M&lt;[0x92][0xc6][0xbe][0xff][0xf4][0xa9]s[0x81][0x87]B[0x17].[0x89][0xd7][0x1a][0xd9]S&apos;L[0xbd]8[0xe])j[0x9c][0xb9][0xe0][0xe6][0xfc][0xe5][0x15][0x18]s[0x83][0xe0][0xfa][0xfd][0x9b],M[0xa3]4H[0x83][0x84][0xc2][0xde]s[0x6][0x87][0x95][0x15]g%,[0xbf][0xbe]H[0xd3][0x92]g[0x91][0xb2][0xb8][0xc2]u[0xc1][0xac][0xd2][0x18][0xc3]&apos;[0x88]:%I[0x1a]&apos;^J[0x83][0x91][0xbb]t&apos;1[0xf1][0xe3][0xd4][0x8f]&lt;[0x12][0xc6]`[0xff][0xf2][0xed]9[0xea]aF[0xf2][0xed][0xbc]-[0x16][0xb][0xf]sg[0xac][0xe6][0xdc]6[0xac][0xf5][0x94][0x9e][0x8f]Q[0xf1][0x7][0xa9]J~[0x2][0xfb][0x13]B[0xe3][0x80][0x84][0xdf][0xc1][0xe2][0x9][0x89][0xc7][0x10];[0xc9][0xfc]4[0x1b][0x93][0xd8][0xb][0x2][0x9f][0xa4][0x10][0xc]$[0x86][0x93]aT[0x1c]K[0xbe][0xd8]k[0xec]I[0xcd][0x96]\[0x9b][0x93][0x8b][0xaf]*[0xfc][0xe7][0x6]h[0xa0][0x0]&apos;k3O[0x9a]Z[0xc9][0x93][0xb5][0xad][0xfd][0x11]CJ[0xae]/[0xf2][0xf3]0[0xc3][0xac]h&gt;_[0xd7][0xf4][0xf9];p[0xe8][0x87]&gt;8?[0xbb][0xbe][0xba]|s[0x86][0x85][0x8b][0xf0][0xf1][0xfd][0xd9][0xdb]wgW[0x17][0xf9][0x86]8B[0xf1][0xe5][0xd5]_[0xe0][0x1e][0x9f][0xa0]Q[0x83][0xf8]0V[0x14][0xac][0xce][0xe7]Zu-[0xc0][0xb][0xc1][0xe3][0x9e][0x9f][0xbd]8u?[0x80][0x6][0xac][0xd4] , [0xb7][0xee]$[0x84]Z[0x15][0x9d][0xd6][0x0][0xdd]%[0xba]g[0xb5][0xe5]Z[0x2]Xs[0xb3]l[0xa6][0xaa][0xc6][0xad][0x0][0xdf][0x92][0x17][0xa2][0x1][0x8b][\r][0xd3]7[0xe0]k[0x4]?[0x95]m[0xea][0x1c][0xfa]JX[0xd8][0xe8]&gt;[0xf9][0xee][0x13][0xf5][0x9f][0x9f][0xfe][0x7][0x16][0x84]Q[0xf9]`[0x1c]O[0xb0][0x12]H[0xe8]A-[\n]&quot;
4854 [main] DEBUG org.apache.http.wire  - http-outgoing-7 &lt;&lt; &quot;[0x90]eI_[0xae][0xa1][0xb3][0xce]:[0xad][0xe0][0xc9][0x80][0xed][0x9a][0x1b][0x9b][0x3][0xd2]T#[0xe4][0xaa]W[0x9][0xac]t[0xd3]Nb[0xc7][0xb8][0xa7][0xe0][0xcb][0xbd][0x15][0xe4]V[0xe5][0xc3][0x2][0xc1]N[0x1a][0x82][0x5][0xad]_;[0xea][0xb3][0xc2]]K[0xf2][0x99][0xd0][0xc6][0xf6][0x96]l[0xa5]:[0xc3]dir[0xc3][[0xa6][0x7][0xe0][0xba][0x1e][0xe6]lV[0xb3]y[0xbf][0xb7]L[0x83][0x2]~[0x97]&lt;[0xbe][0xfb][0x96][0x81][0xb5]9W[0x15]3[0x15](u[0x94][0x97][0x91][0x99][0xdf][0xd0]i[0x15]&amp;K[0xf2]G[0x96][0xb5]!([0xfc].[0xa6]5[0x3]?A[0xec][0xc5][0x90]R[0xad]X)[0xe4]LaJK-&gt;[0xf2][0xbc][0x9f]=Z[0xcc]+&lt;[0x4].[0xc3][0xe3][0x15][0x17][0xb2]Tz6g[0xc6][0xe0]&lt;1-[0xe7]e.P[0xf3][0xa6][0x19]W}9;[0xd9][0x3]D[0x98]~|[0xb0][0x16]B[0xc7]D[0xf4]3[0x82]&amp;[0x19]M[0xe1][0xf4][0xc][0x0][0xa9]0qP[0xda][0xf5][\n]&quot;
4854 [main] DEBUG org.apache.http.wire  - http-outgoing-7 &lt;&lt; &quot;[0x85][0xf6][0x87][0xd2][0x8a][0x8f][0xe2]V[0x94][0x4][0x98]*[0xc9]:[0xbb][0xa9][0x18][0xf9][0x14][0xc7]L?xv[0x1d][0x4][0x84][0xa6][0xee]  Yom[0xc3][0x1]4h[0xef]s[0xdb]A@[0x12][0x12][0xfa]_[0xc0][0x83][0x15][\r][0xff]C[0xc9][0xfe][0x1c][0x1b][0xe5]o[0xf9][0xf8][0x82]K[0xc9][0xfa]&amp;^[0xc0][0xf1][0xf3][0x12]K[0x6][0x96][0xd4]l[0x6]aA[0xbd][0x0]7A[0xec]oH`[0x16][0xf7]#[0xed]{[0x1f][0xca][0x8f][0x99][0xab][0x94][0xb6][0xf9][0xca][0xea][0xe9][0xd9];L[0xdd][0xa2]b6X(][0xf6]}[0xb5][0xfa][0xc7][0x15][0x12][0x0][0xfe][0x91][0xd5]^Q[0x8b][0xd6]x[0x96][0xe9]9[0xb7][0xbc]t1[0xc2][0xa9][0xea][0xe4][0xa0]-[0xc1][0x1c][0x8c]&lt;co[0xe7][0xeb][0xd0][0xc1]Y[0x10][0xad][0xa6][0xe9][0xd0][0xc8]4[0x8]#L[0x9e][0xea]l[0xb5][0xe0]_[0xa9][0xa7];[0xea][0x4][0xd5][0xb1][0x5]U[0xd3]B&amp;[0xa4][0xed][0x9d][0xbd]z{[0x99][0x7]$[0x8e][0x9f][0x91][0x9c][0xd5]m[0xc5][0x9e]Q[0x88][0x13][0xe6][0xc0][0xe8][0xeb][0x95][0x0]W[0xae]q)[0x87][0xd1][0xcb][0xe7]Jc[0xf3][0x81]9[0xe8][0xae][0x2]![0x94][0xdb]e[0x8b]9([0xd8][0xc][0x1f][0xfb]?[0x90][0x11]6[0xc3][0xd1][0xcf]3[0xe7]M[0xcd]:ST[0x1c][0xe6][0x1a][0x16][0xcf].[0xf3]R`6[0xb]l[0xb1][0xab][0xae]T[0xf5][0xcc]T\4[0xcf]~[0xc2][\r][0xb3]B[0xce]*[0xd8][0x80][0xba][\n]&quot;
4855 [main] DEBUG org.apache.http.wire  - http-outgoing-7 &lt;&lt; &quot;Z][0xf6][0xc8]X[0x95][0xad][0x17]v[0xd2][0xf6]!&lt;[0xef][0xd0][\n]&quot;
4855 [main] DEBUG org.apache.http.wire  - http-outgoing-7 &lt;&lt; &quot;[0xbb][0x93][0xad]G[0x0]C[0xbc]c[0xeb]q[0x9c][0x1]S[0x8e]M[0x17]&quot;[0xaf]H[0xe][0xcd][0x0][0x19][0xd7][0x95]R[0x9b][0xcd][0x0]K[0xad][0xaa][0xc5]0[0xc1][0xa0][0xc5][0xfb][0xc6][0x19]&lt;2[0xe9]\[0xf7][0x2]T1v[0xe5][0x81][0xc][0xe3]q_O[0xd9][0x9e]y[0xdd][[0x8c][0xe1][0x0][0xd1]S[0x90][0xfc][0xfc][0xd2][0xd9]8[0xb0][0xdb][0x97]E[0xce][0x90][0xec] [0x93][0x93][0xc][0xc6][0x82][0xd2][\r][0xd0]&gt;/[0xf7]dp[0xe4]l9sB:r0[0x18]g[0xf0]5r[0xee][0x92][0x2][0xf3][0xa3][0xe1]}[0xa6][0xb6][0xf1][0x91][0xee][0xe0]#[0xed][0xf1][0xf1][0x10][0xa2][0x87]y[0x93]&amp;[0xe1][0xfd]D[0x9f]$I[0xbc][0x8f][0xe8]c[0x1f][0x88]&gt;[0x8a][0xf7][0x11]}k[0xf6][0x10]}B [0xe0][[0x9e]OR[0xea][0xc1]i[0xe][0xe2][0xf9] [0x89]20[0x1d]ft[0x9b]5[0x93]h[0xc5][0x9a][0x94][0x1e][0xce][0xf3][0x1b][0xc6][0xe][0xe1][0xf9]$[0xda][0xe4]yzO[0xc4]G[0x9e][0xd4]&lt;[0x9f][0x4][0xb][0xc0]:m[0xca][0xe4]cb[0x8f]&lt;[0xff]xx~[0x1])[0xe6][0xa5][0x7]S[0x97][0xd5][0xc6][0xeb][0xa0][0x97][0xd9][0xb4][0xe6][0xdf]H[0xf3]I[0x16][0xef][0xf0]|[0x1c][0xdf]C[0xf3][0xf1][0xae]:P[0xf6][0xdf]@[0xf3][0xd3]N[0xd4]%[0xe6][0xe3][0x8e][0xe6]7DG2[0xdf]O[0xe6][0xc4][0xdf]f[0xf3]Cy;[0x9]w[0xf1]A[0xe2][0x7][0xf2]v[0xe2][0x85][0xc4][0xa7][0xe9][0xbd][0xbc][0x1d]eq[0x9a][0xee][0xbb][0xa0][0xc7]xAO[0x1f]~A[0x8f][0xbc]$$w[0x17]t[0x12]y[0x11]9[0x8c][0xb8][0xd7][0x17][0xf4]$[0xdb][0xa6][0xc1]lM[0x83]$9[0x9c][0xb8]7[0x8c][0x1d]B[0xdc][0xd9][0x16]q[0x93]d[0xc4]G[0xe2]~[0xd4][0xc4]}[0x93]&amp;[0xb][0xf9][[0xc9][0xa9][0xfd]D[0x96]G[0xe2]~&lt;[0xc4]m`[0x9a][0x19][0xcf][0xb0][0x1b][0xee][0x15]B[0x17][0x80][0xba]o[0xbd][0x9b]gI[0xb0]3[0x94][0xa3][0xf4][0xbe][0xcb][0xf9][0xae]&gt;A[0xfd]#m[0xff][0x8b][0xb4][\r][0xf3]\[0xde][0x0][0xc6][0xd0][0xdd][0xab][0xa6]E[0xda]y[0xf][0xa3][0xc7][0xfc][0x15][0xa3]ok[0x1f]~3[0xcf][0xc2]]p[0xc4]=8[0x1e]F[0xf1][0xd0][0x12][0xf1][0xe]&gt;[\n]&quot;
4855 [main] DEBUG org.apache.http.wire  - http-outgoing-7 &lt;&lt; &quot;I[0xba][0xf7][0x1d]|[0x4][0x14][0x9f][0x86]{)[0xbe][0xdb]G[0xf1][0xa1][0x7][0x97][0xfa];[0x8a][0xa7][0xa1]G3z[0x10][0xc5][0xc7]YD#[0x9a][0xc5][0xfe][0xf6];x[0xe8][0xed]5aF[0x7]S[0xfc][0xa6][0xb1][0x3]([0x1e][0xcc]lQ|[0xb4]?[0xe2]#[0xc5]?n[0x8a][0x9f][0xfe]VN[0xe9][0x2][0x8],K[0xe4][0x91][0xe2][0x1f][0xf][0xc5][0x3]![0x3][0xfa][0xf1]v[0x8e]&lt;[0xc5][0x84][0xf4][0x98]4[0xb][0xe8][0xf7]ocz[0xe2][0xef]\[0xbe]|[0xff][0xbe][0x97][0xf0][0xd9][0xce][0xdd][0x1c][0xb5][0xff][0x91]w[0xf0]S[0xa5]n[0x90][0xb6][0x87][0xbf][0x13][0xf7][0xc7][0xae][0xa8][0xf0][0x85][0xbc]s[0xce]k&amp;[0xe7][0xfc][0xc8][0xfe][0xf]y[0x3][0xbf][0x9b][0xbd][0x83]9[0x9e]l[0xc3]&quot;BX|[0x18][0xc2][0xed]zL[0xc][0xa7][0xa3][0x88][0xf9][0x86][0x1b][0xc3][0xe6]x[0x8a][0xcb][0x9f]W[0x13]~[0x99][0xe3]p[0xd1][\r][0x6][0xf7][0xd9][0x9d][0xd6]j[0xbe][0xc1]R[0xf8][0xe8][0xed]~![0x0]&quot;[0xb1][0xb][0x1][0xc7][0xd1][0x1b][0x9a]+I[0xff][0x85][0x81][0xcd][\r][0xe8][0xc5]VL[0xf6][0xc8][0xf9]Ii[0xa7]3[0xd0]n[0xe][0x14][0xe0][0x12][0xb4]NA[0xcb]y[0xfe][0xe6][0x95];[0xb4]4[0x84][0xd3][0xb4]}[0xc8][0x9a]C[0xb2][0xcb][0x1c][0xad][0xc3][0xbe][0xf7][0xbc][0x1c]94s^[0xc3]6[\n]&quot;
4855 [main] DEBUG org.apache.http.wire  - http-outgoing-7 &lt;&lt; &quot;}[0xe2][0x10]:[0xf1]c[0xf8][0x94][0xe0][0xbc]&lt;G[0x0][0xaf][0xd5][0xa1][0xc8][0x9f]V[0xb3]([0xcb][0xa2][0x4]?5[[0xf8][0x90]S[0xe7][0xb7]_&gt;[0x8][0xbf][0xfc][0x1f][0xdc]lNEJ![0x0][0x0]&quot;
4856 [main] DEBUG org.apache.http.headers  - http-outgoing-7 &lt;&lt; HTTP/1.1 200 OK
4856 [main] DEBUG org.apache.http.headers  - http-outgoing-7 &lt;&lt; Date: Wed, 29 Jan 2020 12:06:18 GMT
4856 [main] DEBUG org.apache.http.headers  - http-outgoing-7 &lt;&lt; Server: Apache
4856 [main] DEBUG org.apache.http.headers  - http-outgoing-7 &lt;&lt; Access-control-allow-origin: *
4856 [main] DEBUG org.apache.http.headers  - http-outgoing-7 &lt;&lt; X-ratelimit-limit: 2500
4856 [main] DEBUG org.apache.http.headers  - http-outgoing-7 &lt;&lt; X-ratelimit-remaining: 2482
4856 [main] DEBUG org.apache.http.headers  - http-outgoing-7 &lt;&lt; X-ratelimit-reset: 1580342400
4856 [main] DEBUG org.apache.http.headers  - http-outgoing-7 &lt;&lt; Vary: Accept-Encoding
4856 [main] DEBUG org.apache.http.headers  - http-outgoing-7 &lt;&lt; Content-Encoding: gzip
4857 [main] DEBUG org.apache.http.headers  - http-outgoing-7 &lt;&lt; Content-Length: 1813
4857 [main] DEBUG org.apache.http.headers  - http-outgoing-7 &lt;&lt; Content-Type: application/json; charset=utf-8
4857 [main] DEBUG org.apache.http.headers  - http-outgoing-7 &lt;&lt; Strict-Transport-Security: max-age=31536000; includeSubDomains; preload
4857 [main] DEBUG org.apache.http.impl.execchain.MainClientExec  - Connection can be kept alive indefinitely
4871 [main] DEBUG org.apache.http.impl.conn.PoolingHttpClientConnectionManager  - Connection [id: 7][route: {}-&gt;http://api.opencagedata.com:80] can be kept alive indefinitely
4871 [main] DEBUG org.apache.http.impl.conn.DefaultManagedHttpClientConnection  - http-outgoing-7: set socket timeout to 0
4871 [main] DEBUG org.apache.http.impl.conn.PoolingHttpClientConnectionManager  - Connection released: [id: 7][route: {}-&gt;http://api.opencagedata.com:80][total kept alive: 1; route allocated: 1 of 2; total allocated: 1 of 20]
4871 [main] DEBUG org.apache.http.impl.conn.PoolingHttpClientConnectionManager  - Connection manager is shutting down
4871 [main] DEBUG org.apache.http.impl.conn.DefaultManagedHttpClientConnection  - http-outgoing-7: Close connection
4872 [main] DEBUG org.apache.http.impl.conn.PoolingHttpClientConnectionManager  - Connection manager shut down
</system-out>
  </testcase>
  <testcase classname="Requests.ExpertRequestClassTest" name="downloadtimeTest" time="0.317">
    <error message="No enum constant Helper.TransportForm.car" type="java.lang.IllegalArgumentException">java.lang.IllegalArgumentException: No enum constant Helper.TransportForm.car
	at java.lang.Enum.valueOf(Enum.java:238)
	at Helper.TransportForm.valueOf(TransportForm.java:3)
	at Requests.ExpertRequestClass.setTransportFormFromString(ExpertRequestClass.java:132)
	at Requests.ExpertRequestClass.&lt;init&gt;(ExpertRequestClass.java:31)
	at Requests.ExpertRequestClassTest.downloadtimeTest(ExpertRequestClassTest.java:16)
	at sun.reflect.NativeMethodAccessorImpl.invoke0(Native Method)
	at sun.reflect.NativeMethodAccessorImpl.invoke(NativeMethodAccessorImpl.java:62)
	at sun.reflect.DelegatingMethodAccessorImpl.invoke(DelegatingMethodAccessorImpl.java:43)
	at java.lang.reflect.Method.invoke(Method.java:498)
	at org.junit.runners.model.FrameworkMethod$1.runReflectiveCall(FrameworkMethod.java:59)
	at org.junit.internal.runners.model.ReflectiveCallable.run(ReflectiveCallable.java:12)
	at org.junit.runners.model.FrameworkMethod.invokeExplosively(FrameworkMethod.java:56)
	at org.junit.internal.runners.statements.InvokeMethod.evaluate(InvokeMethod.java:17)
	at org.junit.runners.ParentRunner$3.evaluate(ParentRunner.java:306)
	at org.junit.runners.BlockJUnit4ClassRunner$1.evaluate(BlockJUnit4ClassRunner.java:100)
	at org.junit.runners.ParentRunner.runLeaf(ParentRunner.java:366)
	at org.junit.runners.BlockJUnit4ClassRunner.runChild(BlockJUnit4ClassRunner.java:103)
	at org.junit.runners.BlockJUnit4ClassRunner.runChild(BlockJUnit4ClassRunner.java:63)
	at org.junit.runners.ParentRunner$4.run(ParentRunner.java:331)
	at org.junit.runners.ParentRunner$1.schedule(ParentRunner.java:79)
	at org.junit.runners.ParentRunner.runChildren(ParentRunner.java:329)
	at org.junit.runners.ParentRunner.access$100(ParentRunner.java:66)
	at org.junit.runners.ParentRunner$2.evaluate(ParentRunner.java:293)
	at org.junit.runners.ParentRunner$3.evaluate(ParentRunner.java:306)
	at org.junit.runners.ParentRunner.run(ParentRunner.java:413)
	at org.apache.maven.surefire.junit4.JUnit4Provider.execute(JUnit4Provider.java:252)
	at org.apache.maven.surefire.junit4.JUnit4Provider.executeTestSet(JUnit4Provider.java:141)
	at org.apache.maven.surefire.junit4.JUnit4Provider.invoke(JUnit4Provider.java:112)
	at sun.reflect.NativeMethodAccessorImpl.invoke0(Native Method)
	at sun.reflect.NativeMethodAccessorImpl.invoke(NativeMethodAccessorImpl.java:62)
	at sun.reflect.DelegatingMethodAccessorImpl.invoke(DelegatingMethodAccessorImpl.java:43)
	at java.lang.reflect.Method.invoke(Method.java:498)
	at org.apache.maven.surefire.util.ReflectionUtils.invokeMethodWithArray(ReflectionUtils.java:189)
	at org.apache.maven.surefire.booter.ProviderFactory$ProviderProxy.invoke(ProviderFactory.java:165)
	at org.apache.maven.surefire.booter.ProviderFactory.invokeProvider(ProviderFactory.java:85)
	at org.apache.maven.surefire.booter.ForkedBooter.runSuitesInProcess(ForkedBooter.java:115)
	at org.apache.maven.surefire.booter.ForkedBooter.main(ForkedBooter.java:75)
</error>
    <system-out>4873 [main] INFO  com.byteowls.jopencage.JOpenCageGeocoder  - JOpencage request url &apos;http://api.opencagedata.com/geocode/v1/json?q=Reindorfgasse+42&amp;countrycode=at&amp;key=1d5429a90a96471e96994efd5a38e951&apos;
4876 [main] DEBUG org.apache.http.client.protocol.RequestAddCookies  - CookieSpec selected: default
4876 [main] DEBUG org.apache.http.client.protocol.RequestAuthCache  - Auth cache not set in the context
4876 [main] DEBUG org.apache.http.impl.conn.PoolingHttpClientConnectionManager  - Connection request: [route: {}-&gt;http://api.opencagedata.com:80][total kept alive: 0; route allocated: 0 of 2; total allocated: 0 of 20]
4876 [main] DEBUG org.apache.http.impl.conn.PoolingHttpClientConnectionManager  - Connection leased: [id: 8][route: {}-&gt;http://api.opencagedata.com:80][total kept alive: 0; route allocated: 1 of 2; total allocated: 1 of 20]
4876 [main] DEBUG org.apache.http.impl.execchain.MainClientExec  - Opening connection {}-&gt;http://api.opencagedata.com:80
4876 [main] DEBUG org.apache.http.impl.conn.DefaultHttpClientConnectionOperator  - Connecting to api.opencagedata.com/95.216.176.62:80
4935 [main] DEBUG org.apache.http.impl.conn.DefaultHttpClientConnectionOperator  - Connection established 192.168.0.114:59169&lt;-&gt;95.216.176.62:80
4935 [main] DEBUG org.apache.http.impl.execchain.MainClientExec  - Executing request GET /geocode/v1/json?q=Reindorfgasse+42&amp;countrycode=at&amp;key=1d5429a90a96471e96994efd5a38e951 HTTP/1.1
4935 [main] DEBUG org.apache.http.impl.execchain.MainClientExec  - Target auth state: UNCHALLENGED
4935 [main] DEBUG org.apache.http.impl.execchain.MainClientExec  - Proxy auth state: UNCHALLENGED
4936 [main] DEBUG org.apache.http.headers  - http-outgoing-8 &gt;&gt; GET /geocode/v1/json?q=Reindorfgasse+42&amp;countrycode=at&amp;key=1d5429a90a96471e96994efd5a38e951 HTTP/1.1
4936 [main] DEBUG org.apache.http.headers  - http-outgoing-8 &gt;&gt; Host: api.opencagedata.com
4936 [main] DEBUG org.apache.http.headers  - http-outgoing-8 &gt;&gt; Connection: Keep-Alive
4936 [main] DEBUG org.apache.http.headers  - http-outgoing-8 &gt;&gt; User-Agent: Apache-HttpClient/4.5.10 (Java/1.8.0_162)
4936 [main] DEBUG org.apache.http.headers  - http-outgoing-8 &gt;&gt; Accept-Encoding: gzip,deflate
4936 [main] DEBUG org.apache.http.wire  - http-outgoing-8 &gt;&gt; &quot;GET /geocode/v1/json?q=Reindorfgasse+42&amp;countrycode=at&amp;key=1d5429a90a96471e96994efd5a38e951 HTTP/1.1[\r][\n]&quot;
4936 [main] DEBUG org.apache.http.wire  - http-outgoing-8 &gt;&gt; &quot;Host: api.opencagedata.com[\r][\n]&quot;
4936 [main] DEBUG org.apache.http.wire  - http-outgoing-8 &gt;&gt; &quot;Connection: Keep-Alive[\r][\n]&quot;
4936 [main] DEBUG org.apache.http.wire  - http-outgoing-8 &gt;&gt; &quot;User-Agent: Apache-HttpClient/4.5.10 (Java/1.8.0_162)[\r][\n]&quot;
4936 [main] DEBUG org.apache.http.wire  - http-outgoing-8 &gt;&gt; &quot;Accept-Encoding: gzip,deflate[\r][\n]&quot;
4936 [main] DEBUG org.apache.http.wire  - http-outgoing-8 &gt;&gt; &quot;[\r][\n]&quot;
5163 [main] DEBUG org.apache.http.wire  - http-outgoing-8 &lt;&lt; &quot;HTTP/1.1 200 OK[\r][\n]&quot;
5164 [main] DEBUG org.apache.http.wire  - http-outgoing-8 &lt;&lt; &quot;Date: Wed, 29 Jan 2020 12:06:18 GMT[\r][\n]&quot;
5164 [main] DEBUG org.apache.http.wire  - http-outgoing-8 &lt;&lt; &quot;Server: Apache[\r][\n]&quot;
5164 [main] DEBUG org.apache.http.wire  - http-outgoing-8 &lt;&lt; &quot;Access-control-allow-origin: *[\r][\n]&quot;
5164 [main] DEBUG org.apache.http.wire  - http-outgoing-8 &lt;&lt; &quot;X-ratelimit-limit: 2500[\r][\n]&quot;
5164 [main] DEBUG org.apache.http.wire  - http-outgoing-8 &lt;&lt; &quot;X-ratelimit-remaining: 2481[\r][\n]&quot;
5165 [main] DEBUG org.apache.http.wire  - http-outgoing-8 &lt;&lt; &quot;X-ratelimit-reset: 1580342400[\r][\n]&quot;
5165 [main] DEBUG org.apache.http.wire  - http-outgoing-8 &lt;&lt; &quot;Vary: Accept-Encoding[\r][\n]&quot;
5165 [main] DEBUG org.apache.http.wire  - http-outgoing-8 &lt;&lt; &quot;Content-Encoding: gzip[\r][\n]&quot;
5165 [main] DEBUG org.apache.http.wire  - http-outgoing-8 &lt;&lt; &quot;Content-Length: 1814[\r][\n]&quot;
5165 [main] DEBUG org.apache.http.wire  - http-outgoing-8 &lt;&lt; &quot;Content-Type: application/json; charset=utf-8[\r][\n]&quot;
5165 [main] DEBUG org.apache.http.wire  - http-outgoing-8 &lt;&lt; &quot;Strict-Transport-Security: max-age=31536000; includeSubDomains; preload[\r][\n]&quot;
5165 [main] DEBUG org.apache.http.wire  - http-outgoing-8 &lt;&lt; &quot;[\r][\n]&quot;
5166 [main] DEBUG org.apache.http.wire  - http-outgoing-8 &lt;&lt; &quot;[0x1f][0x8b][0x8][0x0][0x0][0x0][0x0][0x0][0x0][0x3][0xed]Z[0xef]o[0xdb]6[0x13][0xfe]W[0x4][\r]h?[0xcc][0x95]E[0xea][0xb7]_[0x4]C[0x97]fE[0xbb]7I[0x91]6o?l[0x85]@K[0xb4][0xc5]E&quot;5[0x92][0xaa][0xeb][0x15][0xfd][0xdf][0xdf];[0xc9]Nlw[0xce][0x1a][0x18][0xdb][0x10][0xc0][0x8][0x90]D[0xc7][0xe3][0xdd][0xf1][0xee][0x9e]{L[0xc1][0x9f][0xdd]R[0x15]][0xc3][0xa5]eV([0xe9]N[0xdc][0xca][0xda][0xd6]L[0xc6]c[0xd5]rY[0xb0]9/[0x99]e^[0xa1][0x9a]1k[0x85];rkQpi[0xb8]q&apos;[0xbf]|v%k8l1[0x9c];[0xcc]Z-[0xa6][0x1d][0x1a]q[0xe6][0x9d](9[0xe8]v[0xba][0xbe][0xcf]`[0xa1]y)[0xac]q[0xbf]|[0x18][0xb9][0x9a]Y[0xb0][0xf4][0x19][0xcc]7[0xc2][0xba][0x13][0x1a][0xf9]&gt;[0x8]y[0xc3][0x84][0x14]r[0xe][0x82]0%(0[0x1c]VI[0x94][0xfa]AHC[0xdf][0xff][0xd2][0xcb][0xba][0xda][0xe][0xf1]0)[0xd5]p[0x10][0x83][0xc6]^[0x9c][0xbf][0xed]m2[0xd8][0xe3][0x86][0xe9][0xaf][0x9d][0xef]O}[0x87][0x90][0xa7][0xe]M&lt;[0x92][0xc6][0xbe][0xff][0xf4][0xa9]s[0x81][0x87]B[0x17].[0x89][0xd7][0x1a][0xd9]S&apos;L[0xbd]8[0xe])j[0x9c][0xb9][0xe0][0xe6][0xfc][0xe5][0x15][0x18]s[0x83][0xe0][0xfa][0xfd][0x9b],M[0xa3]4H[0x83][0x84][0xc2][0xde]s[0x6][0x87][0x95][0x15]g%,[0xbf][0xbe]H[0xd3][0x92]g[0x91][0xb2][0xb8][0xc2]u[0xc1][0xac][0xd2][0x18][0xc3]&apos;[0x88]:%I[0x1a]&apos;^J[0x83][0x91][0xbb]t&apos;1[0xf1][0xe3][0xd4][0x8f]&lt;[0x12][0xc6]`[0xff][0xf2][0xed]9[0xea]aF[0xf2][0xed][0xbc]-[0x16][0xb][0xf]sg[0xac][0xe6][0xdc]6[0xac][0xf5][0x94][0x9e][0x8f]Q[0xf1][0x7][0xa9]J~[0x2][0xfb][0x13]B[0xe3][0x80][0x84][0xdf][0xc1][0xe2][0x9]I[0xc6][0x10];[0xc9][0xfc]4[0x1b][0x93][0xd8][0xb][0x2][0x9f][0xa4][0x10][0xc]$[0x86][0x93]aT[0x1c]K[0xbe][0xd8]k[0xec]I[0xcd][0x96]\[0x9b][0x93][0x8b][0xaf]*[0xfc][0xe7][0x6]h[0xa0][0x0]&apos;k3O[0x9a]Z[0xc9][0x93][0xb5][0xad][0xfd][0x11]CJ[0xae]/[0xf2][0xf3]0[0xc3][0xac]h&gt;_[0xd7][0xf4][0xf9];p[0xe8][0x87]&gt;8?[0xbb][0xbe][0xba]|s[0x86][0x85][0x8b][0xf0][0xf1][0xfd][0xd9][0xdb]wgW[0x17][0xf9][0x86]8B[0xf1][0xe5][0xd5]_[0xe0][0x1e][0x9f][0xa0]Q[0x83][0xfd]a[0xac](X[0x9d][0xcf][0xb5][0xea]Zh/l[0x1e][0xf7][0xfc][0xec][0xc5][0xa9][0xfb][0x1]4`[0xa5][0x6]a[0x1][0xb9]u&apos;![0xd4][0xaa][0xe8][0xb4][0x86][0xd6]][0xa2]{V[[0xae]%4kn[0x96][0xcd]T[0xd5][0xb8][0x15][0xda][0xb7][0xe4][0x85]h[0xc0]b[0xc3][0xf4][\r][0xf8][0x1a][0xc1]Oe[0x9b]:[0x7]\[0x9][0xb][0x1b][0xdd]&apos;[0xdf]}[0xa2][0xfe][0xf3][0xd3][0xff][0xc0][0x82]0*[0x1f][0x8c][0xe3][0x9]V[0x2][0x9][0x18][0xd4][0xa2][0x0]Y[0x96][0xf4][0xe5][0x1a][0x90]u[0xd6]i[0x5]O[0x6]l[0xd7][0xdc][0xd8][0x1c]:M5B[0xae][0xb0][\n]&quot;
5166 [main] DEBUG org.apache.http.wire  - http-outgoing-8 &lt;&lt; &quot;[0x88]0[0xdd][0xb4][0x93][0x88][0x18][0xf7][0x14]|[0xb9][0xb7][0x82][0xdc][0xaa]|X [0x88][0xa4]!X[0xd0][0xfa][0xb5][0xa3]&gt;+[0xdc][0xb5]$[0x9f][0x9]mlo[0xc9]V[0xaa]3L[0x96]&amp;7[0xbc]ezh\[0xd7][0xc3][0x9c][0xcd]j6[0xef][0xf7][0x96]iP[0xc0][0xef][0x92][0xc7]w[0xff][0xcf]2[0xb0]6[0xe7][0xaa]b[0xa6][0x2][0xa5][0x8e][0xf2]22[0xf3][0x1b]:[0xad][0xc2]dI[0xfe][0xc8][0xb2]6[0x4][0x85][0xdf][0xc5][0xb4]f[0xe0]&apos;[0x88][0xbd][0x18]R[0xaa][0x15]+[0x85][0x9c])Li[0xa9][0xc5]G[0x9e][0xf7][0xb3]G[0x8b]y[0x85][0x87][0xc0]ex[0xbc][0xe2]B[0x96]J[0xcf][0xe6][0xcc][0x18][0x9c]&apos;[0xa6][0xe5][0xbc][0xcc][0x5]j[0xde]4[0xe3][0xaa]/g&apos;[0xfb][0x6][0x11][0xa6][0x1f][0x1f][0xac][0x85][0xd0]1[0x11][0xfd][0x8c][0xa0]IFS8=[0x83][0x86]T[0x98]8([0xed]z[0x85][0x2][0xfc][0xa1][0xb4][0xe2][0xa3][0xb8][0x15]%[0x1][0xa6]J[0xb2][0xce]n*F&gt;[0xc5]1[0xd3][0xf][0x9e]][0x7][0x1][0xa1][0xe9][0x9f];[0x8]H[0xd6][[0xdb]p[0x0][0x0][0xed]}n;[0x8]HBB[0xff][0xb]x[0xb0][0xa2][0xe1]([0xd9][0x9f]c[0xa3][0xfc]-[0x1f][0xff]Op)Y[0xf][0xe2][0x5][0x1c]?/[0xb1]d`I[0xcd]f[0x10][0x16][0xd4][0xb][0xfa]&amp;[0x88][0xfd][\r][0x9][0xcc][0xe2]~[0xa4]}[0xef]C[0xf9]1s[0x95][0xd2]6_Y=={[0x87][0xa9][T[0xcc][0x6][0xb][0xa5][0xcb][0x1e]W[0xab]\![0xa1][0xc1]?[0xb2][0xda]+j[0xd1][0x1a][0xcf]2=[0xe7][0x96][0x97].F8U[0x9d][0x1c][0xb4]%[0x98][0x83][0x91]g[0xec][0xed]|[0x1d][0x10][0x9c][0x5][0xd1]j[0x9a][0xe]@[0xa6]A[0x18]a[0xf2]Tg[0xab][0x5][0xff]J=[0xdd]Q&apos;[0xa8][0x8e][0x10]TM[0xb][0x99][0x90][0xb6]w[0xf6][0xea][0xed]e[0x1e][0x90]8~FrV[0xb7][0x15]{F!N[0x98][0x3][0xa3][0xaf]W[0x2]\[0xb9][0xc6][0xa5][0x1c]F/[0x9f]+[0x8d][0xe0][0x3]s[0x80][0xae][0x2][([0xb7][0xcb][0x16]sP[0xb0][0x19]&gt;[0xf6] #l[0x86][0xa3][0x9f]g[0xce][0x9b][0x9a]u[0xa6][0xa8]8[0xcc]5,[0x9e]][0xe6][0xa5][0xc0]l[0x16][0x8][0xb1][0xab][0xae]T[0xf5][0xcc]T\4[0xcf]~[0xc2][\r][0xb3]B[0xce]*[0xd8][0x80][0xba][\n]&quot;
5166 [main] DEBUG org.apache.http.wire  - http-outgoing-8 &lt;&lt; &quot;[0xa0].[0xfb][0xce]X[0x95][0xad][0x17]v[0xd2][0xf6]!&lt;[0xef][0xd0][\n]&quot;
5166 [main] DEBUG org.apache.http.wire  - http-outgoing-8 &lt;&lt; &quot;[0xbb][0x93][0xad]G[0x0][0xc3]~G[0xe8]q[0x9c][0x1]S[0x8e][0xa0][0xb][0x91]W$[0x7]0@[0xc6]u[0xa5][0xd4]&amp;[0x18]`[0xa9]U[0xb5][0x18]&amp;[0x18]@[0xbc][0x7][0xce][0xe0][0x91]I[0xe7][0xba][0x17][0xa0][0x8a][0xb1]+[0xf]d[0x18][0x8f][0xfb]0e{[0xe6]uo{[0xc][0x7][0x88][0x9e][0x82][0xe4][0xe7][0x97][0xce][0xc6][0x81][0xdd][0xbe],r[0x86]d[0x7][0x99][0x9c]d0[0x16][0x94]n[0x80][0xf6]y[0xb9]&apos;[0x83]#g[0xcb][0x99][0x13][0xd2][0x91][0x83][0xc1]8[0x83][0xaf][0x91]s[0x97][0x14][0x98][0x1f][\r][0xef]3[0xb5][0xdd][0x1f][0xe9]N[0xa4]}&lt;[0x84][0xe8]a[0xde][0xa4]Ix?[0xd1]&apos;I[0x12][0xef]#[0xfa][0xd8][0x7][0xa2][0x8f][0xe2]}D[0xdf][0x9a]=D[0x9f][0x10][0x8][0xf8][0x96][0xe7][0x93][0x94]zp[0x9a][0x83]x&gt;H[0xa2][0xc]L[0x87][0x19][0xdd]f[0xcd]$Z[0xb1]&amp;[0xa5][0x87][0xf3][0xfc][0x86][0xb1]Cx&gt;[0x89]6y[0x9e][0xde][0x13][0xf1][0x91][0xe7][0x1f]5[0xcf]&apos;[0xc1][0x2]z[0x9d]6e[0xf2]1[0xb1]G[0x9e]&lt;&lt;[0xbf][0x80][0x14][0xf3][0xd2][0x83][0xa9][0xcb]j[0xe3]u[0x80]e6[0xad][0xf9]7[0xd2]|[0x92][0xc5];&lt;[0x1f][0xc7][0xf7][0xd0]|[0xbc][0xab][0xe][0x94][0xfd]7[0xd0][0xfc][0xb4][0x13]u[0x89][0xf9][0xb8][0xa3][0xf9][\r][0xd1][0x91][0xcc][0xf7][0x93]9[0xf1][0xb7][0xd9][0xfc]P[0xde]N[0xc2][0xdd][0xfe] [0xf1][0x3]y;[0xf1]B[0xe2][0xd3][0xf4]^[0xde][0x8e][0xb2]8M[0xf7]][0xd0]c[0xbc][0xa0][0xa7][0xf][0xbf][0xa0]G^[0x12][0x92][0xbb][0xb]:[0x89][0xbc][0x88][0x1c]F[0xdc][0xeb][0xb]z[0x92]m[0xd3]`[0xb6][0xa6]A[0x92][0x1c]N[0xdc][0x1b][0xc6][0xe]![0xee]l[0x8b][0xb8]I[0xb2]?[0xe2]#q?j[0xe2][0xbe]I[0x93][0x85][0xfc][0xad][0xe4][0xd4]~&quot;[0xcb]#q?[0x1e][0xe2]60[0xcd][0x8c]g[0xd8][\r][0xf7][\n]&quot;
5166 [main] DEBUG org.apache.http.wire  - http-outgoing-8 &lt;&lt; &quot;[0xa1][0xb][0xe8][0xba]o[0xbd][0x9b]gI[0xb0]3[0x94][0xa3][0xf4][0xbe][0xcb][0xf9][0xae]&gt;A[0xfd]#m[0xff][0x8b][0xb4][\r][0xf3]\[0xde]@[0x8f][0xa1][0xbb]WM[0x8b][0xfe][0xb4][0xf3][0x1e]F[0x8f][0xf9]+F[0xdf][0xd6]&gt;[0xfc]f[0x9e][0x85][0xbb][0xcd][0x11][0xf7][0xcd][0xf1]0[0x8a][0x7]H[0xfc][0xc5];[0xf8]($[0xe9][0xde]w[0xf0][0x11]P|[0x1a][0xee][0xa5][0xf8]n[0x1f][0xc5][0x87][0x1e]\[0xea][0xef]([0x9e][0x86][0x1e][0xcd][0xe8]A[0x14][0x1f]g[0x11][0x8d]h[0x16][0xfb][0xdb][0xef][0xe0][0x1][0xdb]k[0xc2][0x8c][0xe][0xa6][0xf8]Mc[0x7]P&lt;[0x98][0xd9][0xa2][0xf8]h[0xc4]G[0x8a][0xdc][0x14]?[0xfd][0xad][0x9c][0xd2][0x5][0x10]X[0x96][0xc8]#[0xc5]?[0x1e][0x8a][0x7]B[0x86][0xee][0xc7][0xdb]9[0xf2][0x14][0x13][0xd2]c[0xd2],[0x0][0xef][0xdf][0xc6][0xf4][0xc4][0xdf][0xb9]|[0xf9][0xfe]}/[0xe1][0xb3][0x9d][0xbb]9j[0xff]#[0xef][0xe0][0xa7]J[0xdd] m[0xf]&apos;[0xee][0x8f]]Q[0xe1][0xb]y[0xe7][0x9c][0xd7]L[0xce][0xf9][0x91][0xfd][0x1f][0xf2][0x6]~7{[0x7]s&lt;[0xd9]n[0x8b][0x8][0xdb][0xe2][0xc3][0x10]n[0xd7][0xf7][0xc4]p:[0x8a]=[0xdf]pc[0xd8][0x1c]Oq[0xf9][0xf3]j[0xc2]/s[0x1c].[0xba][0xc1][0xe0]&gt;[0xbb][0xd3]Z[0xcd]7X[\n]&quot;
5166 [main] DEBUG org.apache.http.wire  - http-outgoing-8 &lt;&lt; &quot;[0x1f][0xbd][0xdd]/[0x4]@$v![0xe0]8zCs%[0xe9][0xbf]0[0xb0][0xb9][0x1][0xbd][0xd8][0x8a][0xc9][0xbe]s~R[0xda][0xe9][0xc][0xc0][0xcd][0x81][0x2]\[0x82][0xd6])h9[0xcf][0xdf][0xbc]r[0x7]HC8M[0xdb][0x87][0xac]9$[0xbb][0xcc][0xd1]:[0xec]{[0xcf][0xcb][0x91]C3[0xe7]5l[0xa3][0x80][0x13][0x87][0xd0][0x89][0x1f][0xc3][0xa7][0x4][0xe7][0xe5]96[0xf0]Z[0x1d][0x8a][0xfc]i5[0x8b][0xb2],J[0xf0]S[0xb3][0x85][0xf]9u~[0xfb][0xe5][0x83][0xf0][0xcb][0xff][0x1][0xb6]k[0x8e][0xf]J![0x0][0x0]&quot;
5167 [main] DEBUG org.apache.http.headers  - http-outgoing-8 &lt;&lt; HTTP/1.1 200 OK
5167 [main] DEBUG org.apache.http.headers  - http-outgoing-8 &lt;&lt; Date: Wed, 29 Jan 2020 12:06:18 GMT
5167 [main] DEBUG org.apache.http.headers  - http-outgoing-8 &lt;&lt; Server: Apache
5167 [main] DEBUG org.apache.http.headers  - http-outgoing-8 &lt;&lt; Access-control-allow-origin: *
5167 [main] DEBUG org.apache.http.headers  - http-outgoing-8 &lt;&lt; X-ratelimit-limit: 2500
5167 [main] DEBUG org.apache.http.headers  - http-outgoing-8 &lt;&lt; X-ratelimit-remaining: 2481
5167 [main] DEBUG org.apache.http.headers  - http-outgoing-8 &lt;&lt; X-ratelimit-reset: 1580342400
5167 [main] DEBUG org.apache.http.headers  - http-outgoing-8 &lt;&lt; Vary: Accept-Encoding
5167 [main] DEBUG org.apache.http.headers  - http-outgoing-8 &lt;&lt; Content-Encoding: gzip
5167 [main] DEBUG org.apache.http.headers  - http-outgoing-8 &lt;&lt; Content-Length: 1814
5167 [main] DEBUG org.apache.http.headers  - http-outgoing-8 &lt;&lt; Content-Type: application/json; charset=utf-8
5167 [main] DEBUG org.apache.http.headers  - http-outgoing-8 &lt;&lt; Strict-Transport-Security: max-age=31536000; includeSubDomains; preload
5167 [main] DEBUG org.apache.http.impl.execchain.MainClientExec  - Connection can be kept alive indefinitely
5186 [main] DEBUG org.apache.http.impl.conn.PoolingHttpClientConnectionManager  - Connection [id: 8][route: {}-&gt;http://api.opencagedata.com:80] can be kept alive indefinitely
5187 [main] DEBUG org.apache.http.impl.conn.DefaultManagedHttpClientConnection  - http-outgoing-8: set socket timeout to 0
5187 [main] DEBUG org.apache.http.impl.conn.PoolingHttpClientConnectionManager  - Connection released: [id: 8][route: {}-&gt;http://api.opencagedata.com:80][total kept alive: 1; route allocated: 1 of 2; total allocated: 1 of 20]
5187 [main] DEBUG org.apache.http.impl.conn.PoolingHttpClientConnectionManager  - Connection manager is shutting down
5187 [main] DEBUG org.apache.http.impl.conn.DefaultManagedHttpClientConnection  - http-outgoing-8: Close connection
5187 [main] DEBUG org.apache.http.impl.conn.PoolingHttpClientConnectionManager  - Connection manager shut down
</system-out>
  </testcase>
</testsuite>